0 info it worked if it ends with ok
1 verbose cli [ '/usr/local/bin/node', '/usr/local/bin/npm', 'run', 'build' ]
2 info using npm@3.8.6
3 info using node@v6.1.0
4 verbose run-script [ 'prebuild', 'build', 'postbuild' ]
5 info lifecycle pluralsight-redux-starter@1.0.0~prebuild: pluralsight-redux-starter@1.0.0
6 verbose lifecycle pluralsight-redux-starter@1.0.0~prebuild: unsafe-perm in lifecycle true
7 verbose lifecycle pluralsight-redux-starter@1.0.0~prebuild: PATH: /usr/local/lib/node_modules/npm/bin/node-gyp-bin:/Users/cjpowers/DevMountain/etsy-clone/node_modules/.bin:/usr/local/bin:/Users/cjpowers/.rvm/gems/ruby-2.3.0/bin:/Users/cjpowers/.rvm/gems/ruby-2.3.0@global/bin:/Users/cjpowers/.rvm/rubies/ruby-2.3.0/bin:/usr/local/bin:/usr/bin:/bin:/usr/sbin:/sbin:/Users/cjpowers/.rvm/bin
8 verbose lifecycle pluralsight-redux-starter@1.0.0~prebuild: CWD: /Users/cjpowers/DevMountain/etsy-clone
9 silly lifecycle pluralsight-redux-starter@1.0.0~prebuild: Args: [ '-c', 'npm-run-all clean-dist test build:html' ]
10 silly lifecycle pluralsight-redux-starter@1.0.0~prebuild: Returned: code: 0  signal: null
11 info lifecycle pluralsight-redux-starter@1.0.0~build: pluralsight-redux-starter@1.0.0
12 verbose lifecycle pluralsight-redux-starter@1.0.0~build: unsafe-perm in lifecycle true
13 verbose lifecycle pluralsight-redux-starter@1.0.0~build: PATH: /usr/local/lib/node_modules/npm/bin/node-gyp-bin:/Users/cjpowers/DevMountain/etsy-clone/node_modules/.bin:/usr/local/bin:/Users/cjpowers/.rvm/gems/ruby-2.3.0/bin:/Users/cjpowers/.rvm/gems/ruby-2.3.0@global/bin:/Users/cjpowers/.rvm/rubies/ruby-2.3.0/bin:/usr/local/bin:/usr/bin:/bin:/usr/sbin:/sbin:/Users/cjpowers/.rvm/bin
14 verbose lifecycle pluralsight-redux-starter@1.0.0~build: CWD: /Users/cjpowers/DevMountain/etsy-clone
15 silly lifecycle pluralsight-redux-starter@1.0.0~build: Args: [ '-c', 'babel-node tools/build.js' ]
16 silly lifecycle pluralsight-redux-starter@1.0.0~build: Returned: code: 0  signal: null
17 info lifecycle pluralsight-redux-starter@1.0.0~postbuild: pluralsight-redux-starter@1.0.0
18 verbose lifecycle pluralsight-redux-starter@1.0.0~postbuild: unsafe-perm in lifecycle true
19 verbose lifecycle pluralsight-redux-starter@1.0.0~postbuild: PATH: /usr/local/lib/node_modules/npm/bin/node-gyp-bin:/Users/cjpowers/DevMountain/etsy-clone/node_modules/.bin:/usr/local/bin:/Users/cjpowers/.rvm/gems/ruby-2.3.0/bin:/Users/cjpowers/.rvm/gems/ruby-2.3.0@global/bin:/Users/cjpowers/.rvm/rubies/ruby-2.3.0/bin:/usr/local/bin:/usr/bin:/bin:/usr/sbin:/sbin:/Users/cjpowers/.rvm/bin
20 verbose lifecycle pluralsight-redux-starter@1.0.0~postbuild: CWD: /Users/cjpowers/DevMountain/etsy-clone
21 silly lifecycle pluralsight-redux-starter@1.0.0~postbuild: Args: [ '-c', 'babel-node tools/server.js' ]
22 silly lifecycle pluralsight-redux-starter@1.0.0~postbuild: Returned: code: 1  signal: null
23 info lifecycle pluralsight-redux-starter@1.0.0~postbuild: Failed to exec postbuild script
24 verbose stack Error: pluralsight-redux-starter@1.0.0 postbuild: `babel-node tools/server.js`
24 verbose stack Exit status 1
24 verbose stack     at EventEmitter.<anonymous> (/usr/local/lib/node_modules/npm/lib/utils/lifecycle.js:239:16)
24 verbose stack     at emitTwo (events.js:106:13)
24 verbose stack     at EventEmitter.emit (events.js:191:7)
24 verbose stack     at ChildProcess.<anonymous> (/usr/local/lib/node_modules/npm/lib/utils/spawn.js:24:14)
24 verbose stack     at emitTwo (events.js:106:13)
24 verbose stack     at ChildProcess.emit (events.js:191:7)
24 verbose stack     at maybeClose (internal/child_process.js:850:16)
24 verbose stack     at Process.ChildProcess._handle.onexit (internal/child_process.js:215:5)
25 verbose pkgid pluralsight-redux-starter@1.0.0
26 verbose cwd /Users/cjpowers/DevMountain/etsy-clone
27 error Darwin 15.5.0
28 error argv "/usr/local/bin/node" "/usr/local/bin/npm" "run" "build"
29 error node v6.1.0
30 error npm  v3.8.6
31 error code ELIFECYCLE
32 error pluralsight-redux-starter@1.0.0 postbuild: `babel-node tools/server.js`
32 error Exit status 1
33 error Failed at the pluralsight-redux-starter@1.0.0 postbuild script 'babel-node tools/server.js'.
33 error Make sure you have the latest version of node.js and npm installed.
33 error If you do, this is most likely a problem with the pluralsight-redux-starter package,
33 error not with npm itself.
33 error Tell the author that this fails on your system:
33 error     babel-node tools/server.js
33 error You can get information on how to open an issue for this project with:
33 error     npm bugs pluralsight-redux-starter
33 error Or if that isn't available, you can get their info via:
33 error     npm owner ls pluralsight-redux-starter
33 error There is likely additional logging output above.
34 verbose exit [ 1, true ]
